 INFO: nweb starting:8088:3202
 INFO: request:GET /index.html HTTP/1.1**Host: 127.0.0.1:8088**User-Agent: Mozilla/5.0 (X11; Ubuntu; Linux x86_64; rv:105.0) Gecko/20100101 Firefox/105.0**Accept: text/html,application/xhtml+xml,application/xml;q=0.9,image/avif,image/webp,*/*;q=0.8**Accept-Language: en-US,en;q=0.5**Accept-Encoding: gzip, deflate, br**Connection: keep-alive**Upgrade-Insecure-Requests: 1**Sec-Fetch-Dest: document**Sec-Fetch-Mode: navigate**Sec-Fetch-Site: none**Sec-Fetch-User: ?1****:1
 INFO: SEND:index.html:1
 INFO: Header:HTTP/1.1 200 OK
Server: nweb/23.0
Content-Length: 332
Connection:     close
Content-Type: text/html

:1
 INFO: request:GET /example.jpg HTTP/1.1**Host: 127.0.0.1:8088**User-Agent: Mozilla/5.0 (X11; Ubuntu; Linux x86_64; rv:105.0) Gecko/20100101 Firefox/105.0**Accept: image/avif,image/webp,*/***Accept-Language: en-US,en;q=0.5**Accept-Encoding: gzip, deflate, br**Connection: keep-alive**Referer: http://127.0.0.1:8088/index.html**Sec-Fetch-Dest: image**Sec-Fetch-Mode: no-cors**Sec-Fetch-Site: same-origin****:2
 INFO: SEND:example.jpg:2
 INFO: Header:HTTP/1.1 200 OK
Server: nweb/23.0
Content-Length: 10184
Connection:     close
Content-Type: image/jpg

:2
 INFO: request:GET /favicon.ico HTTP/1.1**Host: 127.0.0.1:8088**User-Agent: Mozilla/5.0 (X11; Ubuntu; Linux x86_64; rv:105.0) Gecko/20100101 Firefox/105.0**Accept: image/avif,image/webp,*/***Accept-Language: en-US,en;q=0.5**Accept-Encoding: gzip, deflate, br**Connection: keep-alive**Referer: http://127.0.0.1:8088/index.html**Sec-Fetch-Dest: image**Sec-Fetch-Mode: no-cors**Sec-Fetch-Site: same-origin****:3
 INFO: SEND:favicon.ico:3
 INFO: Header:HTTP/1.1 200 OK
Server: nweb/23.0
Content-Length: 1334
Connection:     close
Content-Type: image/ico

:3
 INFO: nweb starting:8088:3695
ERROR: system call:bind Errno=98 exiting pid=3695
 INFO: request:GET /index.html HTTP/1.1**Host: 127.0.0.1:8088**User-Agent: Mozilla/5.0 (X11; Ubuntu; Linux x86_64; rv:105.0) Gecko/20100101 Firefox/105.0**Accept: text/html,application/xhtml+xml,application/xml;q=0.9,image/avif,image/webp,*/*;q=0.8**Accept-Language: en-US,en;q=0.5**Accept-Encoding: gzip, deflate, br**Connection: keep-alive**Upgrade-Insecure-Requests: 1**Sec-Fetch-Dest: document**Sec-Fetch-Mode: navigate**Sec-Fetch-Site: none**Sec-Fetch-User: ?1****:4
 INFO: SEND:index.html:4
 INFO: Header:HTTP/1.1 200 OK
Server: nweb/23.0
Content-Length: 332
Connection:     close
Content-Type: text/html

:4
 INFO: request:GET /example.jpg HTTP/1.1**Host: 127.0.0.1:8088**User-Agent: Mozilla/5.0 (X11; Ubuntu; Linux x86_64; rv:105.0) Gecko/20100101 Firefox/105.0**Accept: image/avif,image/webp,*/***Accept-Language: en-US,en;q=0.5**Accept-Encoding: gzip, deflate, br**Connection: keep-alive**Referer: http://127.0.0.1:8088/index.html**Sec-Fetch-Dest: image**Sec-Fetch-Mode: no-cors**Sec-Fetch-Site: same-origin****:5
 INFO: SEND:example.jpg:5
 INFO: Header:HTTP/1.1 200 OK
Server: nweb/23.0
Content-Length: 10184
Connection:     close
Content-Type: image/jpg

:5
 INFO: request:GET /index.html HTTP/1.1**Host: 127.0.0.1:8088**User-Agent: Mozilla/5.0 (X11; Ubuntu; Linux x86_64; rv:105.0) Gecko/20100101 Firefox/105.0**Accept: text/html,application/xhtml+xml,application/xml;q=0.9,image/avif,image/webp,*/*;q=0.8**Accept-Language: en-US,en;q=0.5**Accept-Encoding: gzip, deflate, br**Connection: keep-alive**Upgrade-Insecure-Requests: 1**Sec-Fetch-Dest: document**Sec-Fetch-Mode: navigate**Sec-Fetch-Site: none**Sec-Fetch-User: ?1****:6
 INFO: SEND:index.html:6
 INFO: Header:HTTP/1.1 200 OK
Server: nweb/23.0
Content-Length: 332
Connection:     close
Content-Type: text/html

:6
 INFO: request:GET /example.jpg HTTP/1.1**Host: 127.0.0.1:8088**User-Agent: Mozilla/5.0 (X11; Ubuntu; Linux x86_64; rv:105.0) Gecko/20100101 Firefox/105.0**Accept: image/avif,image/webp,*/***Accept-Language: en-US,en;q=0.5**Accept-Encoding: gzip, deflate, br**Connection: keep-alive**Referer: http://127.0.0.1:8088/index.html**Sec-Fetch-Dest: image**Sec-Fetch-Mode: no-cors**Sec-Fetch-Site: same-origin****:7
 INFO: SEND:example.jpg:7
 INFO: Header:HTTP/1.1 200 OK
Server: nweb/23.0
Content-Length: 10184
Connection:     close
Content-Type: image/jpg

:7
================
================
 INFO: request:GET /index.html HTTP/1.1**Host: 127.0.0.1:8088**User-Agent: Mozilla/5.0 (X11; Ubuntu; Linux x86_64; rv:105.0) Gecko/20100101 Firefox/105.0**Accept: text/html,application/xhtml+xml,application/xml;q=0.9,image/avif,image/webp,*/*;q=0.8**Accept-Language: en-US,en;q=0.5**Accept-Encoding: gzip, deflate, br**Connection: keep-alive**Upgrade-Insecure-Requests: 1**Sec-Fetch-Dest: document**Sec-Fetch-Mode: navigate**Sec-Fetch-Site: none**Sec-Fetch-User: ?1****:8
 INFO: SEND:index.html:8
 INFO: Header:HTTP/1.1 200 OK
Server: nweb/23.0
Content-Length: 332
Connection:     close
Content-Type: text/html

:8
 INFO: request:GET /example.jpg HTTP/1.1**Host: 127.0.0.1:8088**User-Agent: Mozilla/5.0 (X11; Ubuntu; Linux x86_64; rv:105.0) Gecko/20100101 Firefox/105.0**Accept: image/avif,image/webp,*/***Accept-Language: en-US,en;q=0.5**Accept-Encoding: gzip, deflate, br**Connection: keep-alive**Referer: http://127.0.0.1:8088/index.html**Sec-Fetch-Dest: image**Sec-Fetch-Mode: no-cors**Sec-Fetch-Site: same-origin****:9
 INFO: SEND:example.jpg:9
 INFO: Header:HTTP/1.1 200 OK
Server: nweb/23.0
Content-Length: 10184
Connection:     close
Content-Type: image/jpg

:9
 INFO: request:GET /index.html HTTP/1.1**Host: 127.0.0.1:8088**User-Agent: Mozilla/5.0 (X11; Ubuntu; Linux x86_64; rv:105.0) Gecko/20100101 Firefox/105.0**Accept: text/html,application/xhtml+xml,application/xml;q=0.9,image/avif,image/webp,*/*;q=0.8**Accept-Language: en-US,en;q=0.5**Accept-Encoding: gzip, deflate, br**Connection: keep-alive**Upgrade-Insecure-Requests: 1**Sec-Fetch-Dest: document**Sec-Fetch-Mode: navigate**Sec-Fetch-Site: none**Sec-Fetch-User: ?1****:10
 INFO: SEND:index.html:10
 INFO: Header:HTTP/1.1 200 OK
Server: nweb/23.0
Content-Length: 332
Connection:     close
Content-Type: text/html

:10
 INFO: request:GET /example.jpg HTTP/1.1**Host: 127.0.0.1:8088**User-Agent: Mozilla/5.0 (X11; Ubuntu; Linux x86_64; rv:105.0) Gecko/20100101 Firefox/105.0**Accept: image/avif,image/webp,*/***Accept-Language: en-US,en;q=0.5**Accept-Encoding: gzip, deflate, br**Connection: keep-alive**Referer: http://127.0.0.1:8088/index.html**Sec-Fetch-Dest: image**Sec-Fetch-Mode: no-cors**Sec-Fetch-Site: same-origin****:11
 INFO: SEND:example.jpg:11
 INFO: Header:HTTP/1.1 200 OK
Server: nweb/23.0
Content-Length: 10184
Connection:     close
Content-Type: image/jpg

:11
 INFO: request:GET /index.html HTTP/1.1**Host: 127.0.0.1:8088**User-Agent: Mozilla/5.0 (X11; Ubuntu; Linux x86_64; rv:105.0) Gecko/20100101 Firefox/105.0**Accept: text/html,application/xhtml+xml,application/xml;q=0.9,image/avif,image/webp,*/*;q=0.8**Accept-Language: en-US,en;q=0.5**Accept-Encoding: gzip, deflate, br**Connection: keep-alive**Upgrade-Insecure-Requests: 1**Sec-Fetch-Dest: document**Sec-Fetch-Mode: navigate**Sec-Fetch-Site: none**Sec-Fetch-User: ?1****:12
 INFO: SEND:index.html:12
 INFO: Header:HTTP/1.1 200 OK
Server: nweb/23.0
Content-Length: 332
Connection:     close
Content-Type: text/html

:12
 INFO: request:GET /example.jpg HTTP/1.1**Host: 127.0.0.1:8088**User-Agent: Mozilla/5.0 (X11; Ubuntu; Linux x86_64; rv:105.0) Gecko/20100101 Firefox/105.0**Accept: image/avif,image/webp,*/***Accept-Language: en-US,en;q=0.5**Accept-Encoding: gzip, deflate, br**Connection: keep-alive**Referer: http://127.0.0.1:8088/index.html**Sec-Fetch-Dest: image**Sec-Fetch-Mode: no-cors**Sec-Fetch-Site: same-origin****:13
 INFO: SEND:example.jpg:13
 INFO: Header:HTTP/1.1 200 OK
Server: nweb/23.0
Content-Length: 10184
Connection:     close
Content-Type: image/jpg

:13
 INFO: request:GET /index.html HTTP/1.1**Host: 127.0.0.1:8088**User-Agent: Mozilla/5.0 (X11; Ubuntu; Linux x86_64; rv:105.0) Gecko/20100101 Firefox/105.0**Accept: text/html,application/xhtml+xml,application/xml;q=0.9,image/avif,image/webp,*/*;q=0.8**Accept-Language: en-US,en;q=0.5**Accept-Encoding: gzip, deflate, br**Connection: keep-alive**Upgrade-Insecure-Requests: 1**Sec-Fetch-Dest: document**Sec-Fetch-Mode: navigate**Sec-Fetch-Site: none**Sec-Fetch-User: ?1****:14
 INFO: SEND:index.html:14
 INFO: Header:HTTP/1.1 200 OK
Server: nweb/23.0
Content-Length: 332
Connection:     close
Content-Type: text/html

:14
 INFO: request:GET /example.jpg HTTP/1.1**Host: 127.0.0.1:8088**User-Agent: Mozilla/5.0 (X11; Ubuntu; Linux x86_64; rv:105.0) Gecko/20100101 Firefox/105.0**Accept: image/avif,image/webp,*/***Accept-Language: en-US,en;q=0.5**Accept-Encoding: gzip, deflate, br**Connection: keep-alive**Referer: http://127.0.0.1:8088/index.html**Sec-Fetch-Dest: image**Sec-Fetch-Mode: no-cors**Sec-Fetch-Site: same-origin****:15
 INFO: SEND:example.jpg:15
 INFO: Header:HTTP/1.1 200 OK
Server: nweb/23.0
Content-Length: 10184
Connection:     close
Content-Type: image/jpg

:15
================
================
 INFO: request:GET /index.html HTTP/1.1**Host: 127.0.0.1:8088**User-Agent: Mozilla/5.0 (X11; Ubuntu; Linux x86_64; rv:105.0) Gecko/20100101 Firefox/105.0**Accept: text/html,application/xhtml+xml,application/xml;q=0.9,image/avif,image/webp,*/*;q=0.8**Accept-Language: en-US,en;q=0.5**Accept-Encoding: gzip, deflate, br**Connection: keep-alive**Upgrade-Insecure-Requests: 1**Sec-Fetch-Dest: document**Sec-Fetch-Mode: navigate**Sec-Fetch-Site: none**Sec-Fetch-User: ?1****:16
 INFO: SEND:index.html:16
 INFO: Header:HTTP/1.1 200 OK
Server: nweb/23.0
Content-Length: 332
Connection:     close
Content-Type: text/html

:16
 INFO: request:GET /example.jpg HTTP/1.1**Host: 127.0.0.1:8088**User-Agent: Mozilla/5.0 (X11; Ubuntu; Linux x86_64; rv:105.0) Gecko/20100101 Firefox/105.0**Accept: image/avif,image/webp,*/***Accept-Language: en-US,en;q=0.5**Accept-Encoding: gzip, deflate, br**Connection: keep-alive**Referer: http://127.0.0.1:8088/index.html**Sec-Fetch-Dest: image**Sec-Fetch-Mode: no-cors**Sec-Fetch-Site: same-origin****:17
 INFO: SEND:example.jpg:17
 INFO: Header:HTTP/1.1 200 OK
Server: nweb/23.0
Content-Length: 10184
Connection:     close
Content-Type: image/jpg

:17
