INFO: nweb starting:8088:6670
[Tue Nov  1 10:38:39 2022
]INFO: request:GET / HTTP/1.1**Host: 127.0.0.1:8088**User-Agent: Mozilla/5.0 (X11; Ubuntu; Linux x86_64; rv:105.0) Gecko/20100101 Firefox/105.0**Accept: text/html,application/xhtml+xml,application/xml;q=0.9,image/avif,image/webp,*/*;q=0.8**Accept-Language: en-US,en;q=0.5**Accept-Encoding: gzip, deflate, br**Connection: keep-alive**Upgrade-Insecure-Requests: 1**Sec-Fetch-Dest: document**Sec-Fetch-Mode: navigate**Sec-Fetch-Site: none**Sec-Fetch-User: ?1****:1
[Tue Nov  1 10:38:39 2022
]INFO: SEND:index.html:1
[Tue Nov  1 10:38:39 2022
]INFO: Header:HTTP/1.1 200 OK
Server: nweb/23.0
Content-Length: 332
Connection:     close
Content-Type: text/html

:1
[Tue Nov  1 10:38:40 2022
]INFO: request:GET /example.jpg HTTP/1.1**Host: 127.0.0.1:8088**User-Agent: Mozilla/5.0 (X11; Ubuntu; Linux x86_64; rv:105.0) Gecko/20100101 Firefox/105.0**Accept: image/avif,image/webp,*/***Accept-Language: en-US,en;q=0.5**Accept-Encoding: gzip, deflate, br**Connection: keep-alive**Referer: http://127.0.0.1:8088/**Sec-Fetch-Dest: image**Sec-Fetch-Mode: no-cors**Sec-Fetch-Site: same-origin****:2
[Tue Nov  1 10:38:40 2022
]INFO: SEND:example.jpg:2
[Tue Nov  1 10:38:40 2022
]INFO: Header:HTTP/1.1 200 OK
Server: nweb/23.0
Content-Length: 10184
Connection:     close
Content-Type: image/jpg

:2
[Tue Nov  1 10:38:57 2022
]INFO: request:GET / HTTP/1.1**Host: 127.0.0.1:8088**User-Agent: Mozilla/5.0 (X11; Ubuntu; Linux x86_64; rv:105.0) Gecko/20100101 Firefox/105.0**Accept: text/html,application/xhtml+xml,application/xml;q=0.9,image/avif,image/webp,*/*;q=0.8**Accept-Language: en-US,en;q=0.5**Accept-Encoding: gzip, deflate, br**Connection: keep-alive**Upgrade-Insecure-Requests: 1**Sec-Fetch-Dest: document**Sec-Fetch-Mode: navigate**Sec-Fetch-Site: none**Sec-Fetch-User: ?1****:3
[Tue Nov  1 10:38:57 2022
]INFO: SEND:index.html:3
[Tue Nov  1 10:38:57 2022
]INFO: Header:HTTP/1.1 200 OK
Server: nweb/23.0
Content-Length: 332
Connection:     close
Content-Type: text/html

:3
[Tue Nov  1 10:38:58 2022
]INFO: request:GET /example.jpg HTTP/1.1**Host: 127.0.0.1:8088**User-Agent: Mozilla/5.0 (X11; Ubuntu; Linux x86_64; rv:105.0) Gecko/20100101 Firefox/105.0**Accept: image/avif,image/webp,*/***Accept-Language: en-US,en;q=0.5**Accept-Encoding: gzip, deflate, br**Connection: keep-alive**Referer: http://127.0.0.1:8088/**Sec-Fetch-Dest: image**Sec-Fetch-Mode: no-cors**Sec-Fetch-Site: same-origin****:4
[Tue Nov  1 10:38:58 2022
]INFO: SEND:example.jpg:4
[Tue Nov  1 10:38:58 2022
]INFO: Header:HTTP/1.1 200 OK
Server: nweb/23.0
Content-Length: 10184
Connection:     close
Content-Type: image/jpg

:4
[Tue Nov  1 10:38:59 2022
]INFO: request:GET / HTTP/1.1**Host: 127.0.0.1:8088**User-Agent: Mozilla/5.0 (X11; Ubuntu; Linux x86_64; rv:105.0) Gecko/20100101 Firefox/105.0**Accept: text/html,application/xhtml+xml,application/xml;q=0.9,image/avif,image/webp,*/*;q=0.8**Accept-Language: en-US,en;q=0.5**Accept-Encoding: gzip, deflate, br**Connection: keep-alive**Upgrade-Insecure-Requests: 1**Sec-Fetch-Dest: document**Sec-Fetch-Mode: navigate**Sec-Fetch-Site: none**Sec-Fetch-User: ?1****:5
[Tue Nov  1 10:38:59 2022
]INFO: SEND:index.html:5
[Tue Nov  1 10:38:59 2022
]INFO: Header:HTTP/1.1 200 OK
Server: nweb/23.0
Content-Length: 332
Connection:     close
Content-Type: text/html

:5
[Tue Nov  1 10:39:58 2022
]INFO: nweb starting:8088:6708
[Tue Nov  1 10:40:05 2022
]INFO: request:GET / HTTP/1.1**Host: 127.0.0.1:8088**User-Agent: Mozilla/5.0 (X11; Ubuntu; Linux x86_64; rv:105.0) Gecko/20100101 Firefox/105.0**Accept: text/html,application/xhtml+xml,application/xml;q=0.9,image/avif,image/webp,*/*;q=0.8**Accept-Language: en-US,en;q=0.5**Accept-Encoding: gzip, deflate, br**Connection: keep-alive**Upgrade-Insecure-Requests: 1**Sec-Fetch-Dest: document**Sec-Fetch-Mode: navigate**Sec-Fetch-Site: none**Sec-Fetch-User: ?1****:1
[Tue Nov  1 10:40:05 2022
]INFO: SEND:index.html:1
[Tue Nov  1 10:40:05 2022
]INFO: Header:HTTP/1.1 200 OK
Server: nweb/23.0
Content-Length: 332
Connection:     close
Content-Type: text/html

:1
[Tue Nov  1 10:40:06 2022
]INFO: request:GET /example.jpg HTTP/1.1**Host: 127.0.0.1:8088**User-Agent: Mozilla/5.0 (X11; Ubuntu; Linux x86_64; rv:105.0) Gecko/20100101 Firefox/105.0**Accept: image/avif,image/webp,*/***Accept-Language: en-US,en;q=0.5**Accept-Encoding: gzip, deflate, br**Connection: keep-alive**Referer: http://127.0.0.1:8088/**Sec-Fetch-Dest: image**Sec-Fetch-Mode: no-cors**Sec-Fetch-Site: same-origin****:2
[Tue Nov  1 10:40:06 2022
]INFO: SEND:example.jpg:2
[Tue Nov  1 10:40:06 2022
]INFO: Header:HTTP/1.1 200 OK
Server: nweb/23.0
Content-Length: 10184
Connection:     close
Content-Type: image/jpg

:2
[Tue Nov  1 10:40:07 2022
]INFO: request:GET / HTTP/1.1**Host: 127.0.0.1:8088**User-Agent: Mozilla/5.0 (X11; Ubuntu; Linux x86_64; rv:105.0) Gecko/20100101 Firefox/105.0**Accept: text/html,application/xhtml+xml,application/xml;q=0.9,image/avif,image/webp,*/*;q=0.8**Accept-Language: en-US,en;q=0.5**Accept-Encoding: gzip, deflate, br**Connection: keep-alive**Upgrade-Insecure-Requests: 1**Sec-Fetch-Dest: document**Sec-Fetch-Mode: navigate**Sec-Fetch-Site: none**Sec-Fetch-User: ?1****:3
[Tue Nov  1 10:40:07 2022
]INFO: SEND:index.html:3
[Tue Nov  1 10:40:07 2022
]INFO: Header:HTTP/1.1 200 OK
Server: nweb/23.0
Content-Length: 332
Connection:     close
Content-Type: text/html

:3
[Tue Nov  1 10:45:24 2022
]INFO: nweb starting:8088:6877
[Tue Nov  1 10:45:34 2022
]INFO: request:GET / HTTP/1.1**Host: 127.0.0.1:8088**User-Agent: Mozilla/5.0 (X11; Ubuntu; Linux x86_64; rv:105.0) Gecko/20100101 Firefox/105.0**Accept: text/html,application/xhtml+xml,application/xml;q=0.9,image/avif,image/webp,*/*;q=0.8**Accept-Language: en-US,en;q=0.5**Accept-Encoding: gzip, deflate, br**Connection: keep-alive**Upgrade-Insecure-Requests: 1**Sec-Fetch-Dest: document**Sec-Fetch-Mode: navigate**Sec-Fetch-Site: none**Sec-Fetch-User: ?1****:1
[Tue Nov  1 10:45:34 2022
]INFO: SEND:index.html:1
[Tue Nov  1 10:45:34 2022
]INFO: Header:HTTP/1.1 200 OK
Server: nweb/23.0
Content-Length: 332
Connection:     close
Content-Type: text/html

:1
[Tue Nov  1 10:45:35 2022
]INFO: request:GET /example.jpg HTTP/1.1**Host: 127.0.0.1:8088**User-Agent: Mozilla/5.0 (X11; Ubuntu; Linux x86_64; rv:105.0) Gecko/20100101 Firefox/105.0**Accept: image/avif,image/webp,*/***Accept-Language: en-US,en;q=0.5**Accept-Encoding: gzip, deflate, br**Connection: keep-alive**Referer: http://127.0.0.1:8088/**Sec-Fetch-Dest: image**Sec-Fetch-Mode: no-cors**Sec-Fetch-Site: same-origin****:2
[Tue Nov  1 10:45:35 2022
]INFO: SEND:example.jpg:2
[Tue Nov  1 10:45:35 2022
]INFO: Header:HTTP/1.1 200 OK
Server: nweb/23.0
Content-Length: 10184
Connection:     close
Content-Type: image/jpg

:2
[Tue Nov  1 10:45:38 2022
]INFO: request:GET / HTTP/1.1**Host: 127.0.0.1:8088**User-Agent: Mozilla/5.0 (X11; Ubuntu; Linux x86_64; rv:105.0) Gecko/20100101 Firefox/105.0**Accept: text/html,application/xhtml+xml,application/xml;q=0.9,image/avif,image/webp,*/*;q=0.8**Accept-Language: en-US,en;q=0.5**Accept-Encoding: gzip, deflate, br**Connection: keep-alive**Upgrade-Insecure-Requests: 1**Sec-Fetch-Dest: document**Sec-Fetch-Mode: navigate**Sec-Fetch-Site: none**Sec-Fetch-User: ?1****:3
[Tue Nov  1 10:45:38 2022
]INFO: SEND:index.html:3
[Tue Nov  1 10:45:38 2022
]INFO: Header:HTTP/1.1 200 OK
Server: nweb/23.0
Content-Length: 332
Connection:     close
Content-Type: text/html

:3
[Tue Nov  1 10:45:39 2022
]INFO: request:GET /example.jpg HTTP/1.1**Host: 127.0.0.1:8088**User-Agent: Mozilla/5.0 (X11; Ubuntu; Linux x86_64; rv:105.0) Gecko/20100101 Firefox/105.0**Accept: image/avif,image/webp,*/***Accept-Language: en-US,en;q=0.5**Accept-Encoding: gzip, deflate, br**Connection: keep-alive**Referer: http://127.0.0.1:8088/**Sec-Fetch-Dest: image**Sec-Fetch-Mode: no-cors**Sec-Fetch-Site: same-origin****:4
[Tue Nov  1 10:45:39 2022
]INFO: SEND:example.jpg:4
[Tue Nov  1 10:45:39 2022
]INFO: Header:HTTP/1.1 200 OK
Server: nweb/23.0
Content-Length: 10184
Connection:     close
Content-Type: image/jpg

:4
[Tue Nov  1 10:51:12 2022
]INFO: nweb starting:8088:6984
[Tue Nov  1 10:51:29 2022
]INFO: request:GET / HTTP/1.1**Host: 127.0.0.1:8088**User-Agent: Mozilla/5.0 (X11; Ubuntu; Linux x86_64; rv:105.0) Gecko/20100101 Firefox/105.0**Accept: text/html,application/xhtml+xml,application/xml;q=0.9,image/avif,image/webp,*/*;q=0.8**Accept-Language: en-US,en;q=0.5**Accept-Encoding: gzip, deflate, br**Connection: keep-alive**Upgrade-Insecure-Requests: 1**Sec-Fetch-Dest: document**Sec-Fetch-Mode: navigate**Sec-Fetch-Site: none**Sec-Fetch-User: ?1****:1
[Tue Nov  1 10:51:29 2022
]INFO: SEND:index.html:1
[Tue Nov  1 10:51:29 2022
]INFO: Header:HTTP/1.1 200 OK
Server: nweb/23.0
Content-Length: 332
Connection:     close
Content-Type: text/html

:1
[Tue Nov  1 10:51:30 2022
]INFO: request:GET /example.jpg HTTP/1.1**Host: 127.0.0.1:8088**User-Agent: Mozilla/5.0 (X11; Ubuntu; Linux x86_64; rv:105.0) Gecko/20100101 Firefox/105.0**Accept: image/avif,image/webp,*/***Accept-Language: en-US,en;q=0.5**Accept-Encoding: gzip, deflate, br**Connection: keep-alive**Referer: http://127.0.0.1:8088/**Sec-Fetch-Dest: image**Sec-Fetch-Mode: no-cors**Sec-Fetch-Site: same-origin****:2
[Tue Nov  1 10:51:30 2022
]INFO: SEND:example.jpg:2
[Tue Nov  1 10:51:30 2022
]INFO: Header:HTTP/1.1 200 OK
Server: nweb/23.0
Content-Length: 10184
Connection:     close
Content-Type: image/jpg

:2
[Tue Nov  1 10:51:42 2022
]INFO: request:GET / HTTP/1.1**Host: 127.0.0.1:8088**User-Agent: Mozilla/5.0 (X11; Ubuntu; Linux x86_64; rv:105.0) Gecko/20100101 Firefox/105.0**Accept: text/html,application/xhtml+xml,application/xml;q=0.9,image/avif,image/webp,*/*;q=0.8**Accept-Language: en-US,en;q=0.5**Accept-Encoding: gzip, deflate, br**Connection: keep-alive**Upgrade-Insecure-Requests: 1**Sec-Fetch-Dest: document**Sec-Fetch-Mode: navigate**Sec-Fetch-Site: none**Sec-Fetch-User: ?1****:3
[Tue Nov  1 10:51:42 2022
]INFO: SEND:index.html:3
[Tue Nov  1 10:51:42 2022
]INFO: Header:HTTP/1.1 200 OK
Server: nweb/23.0
Content-Length: 332
Connection:     close
Content-Type: text/html

:3
[Tue Nov  1 10:51:43 2022
]INFO: request:GET /example.jpg HTTP/1.1**Host: 127.0.0.1:8088**User-Agent: Mozilla/5.0 (X11; Ubuntu; Linux x86_64; rv:105.0) Gecko/20100101 Firefox/105.0**Accept: image/avif,image/webp,*/***Accept-Language: en-US,en;q=0.5**Accept-Encoding: gzip, deflate, br**Connection: keep-alive**Referer: http://127.0.0.1:8088/**Sec-Fetch-Dest: image**Sec-Fetch-Mode: no-cors**Sec-Fetch-Site: same-origin****:4
[Tue Nov  1 10:51:43 2022
]INFO: SEND:example.jpg:4
[Tue Nov  1 10:51:43 2022
]INFO: Header:HTTP/1.1 200 OK
Server: nweb/23.0
Content-Length: 10184
Connection:     close
Content-Type: image/jpg

:4
[Tue Nov  1 10:52:15 2022
]INFO: request:GET / HTTP/1.1**Host: 127.0.0.1:8088**User-Agent: Mozilla/5.0 (X11; Ubuntu; Linux x86_64; rv:105.0) Gecko/20100101 Firefox/105.0**Accept: text/html,application/xhtml+xml,application/xml;q=0.9,image/avif,image/webp,*/*;q=0.8**Accept-Language: en-US,en;q=0.5**Accept-Encoding: gzip, deflate, br**Connection: keep-alive**Upgrade-Insecure-Requests: 1**Sec-Fetch-Dest: document**Sec-Fetch-Mode: navigate**Sec-Fetch-Site: none**Sec-Fetch-User: ?1****:5
[Tue Nov  1 10:52:15 2022
]INFO: SEND:index.html:5
[Tue Nov  1 10:52:15 2022
]INFO: Header:HTTP/1.1 200 OK
Server: nweb/23.0
Content-Length: 332
Connection:     close
Content-Type: text/html

:5
[Tue Nov  1 10:52:16 2022
]INFO: request:GET /example.jpg HTTP/1.1**Host: 127.0.0.1:8088**User-Agent: Mozilla/5.0 (X11; Ubuntu; Linux x86_64; rv:105.0) Gecko/20100101 Firefox/105.0**Accept: image/avif,image/webp,*/***Accept-Language: en-US,en;q=0.5**Accept-Encoding: gzip, deflate, br**Connection: keep-alive**Referer: http://127.0.0.1:8088/**Sec-Fetch-Dest: image**Sec-Fetch-Mode: no-cors**Sec-Fetch-Site: same-origin****:6
[Tue Nov  1 10:52:16 2022
]INFO: SEND:example.jpg:6
[Tue Nov  1 10:52:16 2022
]INFO: Header:HTTP/1.1 200 OK
Server: nweb/23.0
Content-Length: 10184
Connection:     close
Content-Type: image/jpg

:6
[Tue Nov  1 10:52:23 2022
]INFO: request:GET / HTTP/1.1**Host: 127.0.0.1:8088**User-Agent: Mozilla/5.0 (X11; Ubuntu; Linux x86_64; rv:105.0) Gecko/20100101 Firefox/105.0**Accept: text/html,application/xhtml+xml,application/xml;q=0.9,image/avif,image/webp,*/*;q=0.8**Accept-Language: en-US,en;q=0.5**Accept-Encoding: gzip, deflate, br**Connection: keep-alive**Upgrade-Insecure-Requests: 1**Sec-Fetch-Dest: document**Sec-Fetch-Mode: navigate**Sec-Fetch-Site: none**Sec-Fetch-User: ?1****:7
[Tue Nov  1 10:52:23 2022
]INFO: SEND:index.html:7
[Tue Nov  1 10:52:23 2022
]INFO: Header:HTTP/1.1 200 OK
Server: nweb/23.0
Content-Length: 332
Connection:     close
Content-Type: text/html

:7
[Tue Nov  1 10:52:24 2022
]INFO: request:GET /example.jpg HTTP/1.1**Host: 127.0.0.1:8088**User-Agent: Mozilla/5.0 (X11; Ubuntu; Linux x86_64; rv:105.0) Gecko/20100101 Firefox/105.0**Accept: image/avif,image/webp,*/***Accept-Language: en-US,en;q=0.5**Accept-Encoding: gzip, deflate, br**Connection: keep-alive**Referer: http://127.0.0.1:8088/**Sec-Fetch-Dest: image**Sec-Fetch-Mode: no-cors**Sec-Fetch-Site: same-origin****:8
[Tue Nov  1 10:52:24 2022
]INFO: SEND:example.jpg:8
[Tue Nov  1 10:52:24 2022
]INFO: Header:HTTP/1.1 200 OK
Server: nweb/23.0
Content-Length: 10184
Connection:     close
Content-Type: image/jpg

:8
[Tue Nov  1 10:52:31 2022
]INFO: request:GET / HTTP/1.1**Host: 127.0.0.1:8088**User-Agent: Mozilla/5.0 (X11; Ubuntu; Linux x86_64; rv:105.0) Gecko/20100101 Firefox/105.0**Accept: text/html,application/xhtml+xml,application/xml;q=0.9,image/avif,image/webp,*/*;q=0.8**Accept-Language: en-US,en;q=0.5**Accept-Encoding: gzip, deflate, br**Connection: keep-alive**Upgrade-Insecure-Requests: 1**Sec-Fetch-Dest: document**Sec-Fetch-Mode: navigate**Sec-Fetch-Site: none**Sec-Fetch-User: ?1****:9
[Tue Nov  1 10:52:31 2022
]INFO: SEND:index.html:9
[Tue Nov  1 10:52:31 2022
]INFO: Header:HTTP/1.1 200 OK
Server: nweb/23.0
Content-Length: 332
Connection:     close
Content-Type: text/html

:9
[Tue Nov  1 10:52:32 2022
]INFO: request:GET /example.jpg HTTP/1.1**Host: 127.0.0.1:8088**User-Agent: Mozilla/5.0 (X11; Ubuntu; Linux x86_64; rv:105.0) Gecko/20100101 Firefox/105.0**Accept: image/avif,image/webp,*/***Accept-Language: en-US,en;q=0.5**Accept-Encoding: gzip, deflate, br**Connection: keep-alive**Referer: http://127.0.0.1:8088/**Sec-Fetch-Dest: image**Sec-Fetch-Mode: no-cors**Sec-Fetch-Site: same-origin****:10
[Tue Nov  1 10:52:32 2022
]INFO: SEND:example.jpg:10
[Tue Nov  1 10:52:32 2022
]INFO: Header:HTTP/1.1 200 OK
Server: nweb/23.0
Content-Length: 10184
Connection:     close
Content-Type: image/jpg

:10
[Tue Nov  1 10:52:40 2022
]INFO: request:GET / HTTP/1.1**Host: 127.0.0.1:8088**User-Agent: Mozilla/5.0 (X11; Ubuntu; Linux x86_64; rv:105.0) Gecko/20100101 Firefox/105.0**Accept: text/html,application/xhtml+xml,application/xml;q=0.9,image/avif,image/webp,*/*;q=0.8**Accept-Language: en-US,en;q=0.5**Accept-Encoding: gzip, deflate, br**Connection: keep-alive**Upgrade-Insecure-Requests: 1**Sec-Fetch-Dest: document**Sec-Fetch-Mode: navigate**Sec-Fetch-Site: none**Sec-Fetch-User: ?1****:11
[Tue Nov  1 10:52:40 2022
]INFO: SEND:index.html:11
[Tue Nov  1 10:52:40 2022
]INFO: Header:HTTP/1.1 200 OK
Server: nweb/23.0
Content-Length: 332
Connection:     close
Content-Type: text/html

:11
[Tue Nov  1 10:52:41 2022
]INFO: request:GET /example.jpg HTTP/1.1**Host: 127.0.0.1:8088**User-Agent: Mozilla/5.0 (X11; Ubuntu; Linux x86_64; rv:105.0) Gecko/20100101 Firefox/105.0**Accept: image/avif,image/webp,*/***Accept-Language: en-US,en;q=0.5**Accept-Encoding: gzip, deflate, br**Connection: keep-alive**Referer: http://127.0.0.1:8088/**Sec-Fetch-Dest: image**Sec-Fetch-Mode: no-cors**Sec-Fetch-Site: same-origin****:12
[Tue Nov  1 10:52:41 2022
]INFO: SEND:example.jpg:12
[Tue Nov  1 10:52:41 2022
]INFO: Header:HTTP/1.1 200 OK
Server: nweb/23.0
Content-Length: 10184
Connection:     close
Content-Type: image/jpg

:12
[Tue Nov  1 10:52:42 2022
]INFO: request:GET / HTTP/1.1**Host: 127.0.0.1:8088**User-Agent: Mozilla/5.0 (X11; Ubuntu; Linux x86_64; rv:105.0) Gecko/20100101 Firefox/105.0**Accept: text/html,application/xhtml+xml,application/xml;q=0.9,image/avif,image/webp,*/*;q=0.8**Accept-Language: en-US,en;q=0.5**Accept-Encoding: gzip, deflate, br**Connection: keep-alive**Upgrade-Insecure-Requests: 1**Sec-Fetch-Dest: document**Sec-Fetch-Mode: navigate**Sec-Fetch-Site: none**Sec-Fetch-User: ?1****:13
[Tue Nov  1 10:52:42 2022
]INFO: SEND:index.html:13
[Tue Nov  1 10:52:42 2022
]INFO: Header:HTTP/1.1 200 OK
Server: nweb/23.0
Content-Length: 332
Connection:     close
Content-Type: text/html

:13
[Tue Nov  1 10:54:45 2022
]INFO: nweb starting:8088:7115
[Tue Nov  1 10:54:49 2022
]INFO: request:GET / HTTP/1.1**Host: 127.0.0.1:8088**User-Agent: Mozilla/5.0 (X11; Ubuntu; Linux x86_64; rv:105.0) Gecko/20100101 Firefox/105.0**Accept: text/html,application/xhtml+xml,application/xml;q=0.9,image/avif,image/webp,*/*;q=0.8**Accept-Language: en-US,en;q=0.5**Accept-Encoding: gzip, deflate, br**Connection: keep-alive**Upgrade-Insecure-Requests: 1**Sec-Fetch-Dest: document**Sec-Fetch-Mode: navigate**Sec-Fetch-Site: none**Sec-Fetch-User: ?1****:1
[Tue Nov  1 10:54:49 2022
]INFO: SEND:index.html:1
[Tue Nov  1 10:54:49 2022
]INFO: Header:HTTP/1.1 200 OK
Server: nweb/23.0
Content-Length: 332
Connection:     close
Content-Type: text/html

:1
[Tue Nov  1 10:55:57 2022
]INFO: nweb starting:8088:7182
[Tue Nov  1 10:56:09 2022
]INFO: request:GET / HTTP/1.1**Host: 127.0.0.1:8088**User-Agent: Mozilla/5.0 (X11; Ubuntu; Linux x86_64; rv:105.0) Gecko/20100101 Firefox/105.0**Accept: text/html,application/xhtml+xml,application/xml;q=0.9,image/avif,image/webp,*/*;q=0.8**Accept-Language: en-US,en;q=0.5**Accept-Encoding: gzip, deflate, br**Connection: keep-alive**Upgrade-Insecure-Requests: 1**Sec-Fetch-Dest: document**Sec-Fetch-Mode: navigate**Sec-Fetch-Site: none**Sec-Fetch-User: ?1****:1
[Tue Nov  1 10:56:09 2022
]INFO: SEND:index.html:1
[Tue Nov  1 10:56:09 2022
]INFO: Header:HTTP/1.1 200 OK
Server: nweb/23.0
Content-Length: 332
Connection:     close
Content-Type: text/html

:1
[Tue Nov  1 10:56:19 2022
]INFO: request:GET /example.jpg HTTP/1.1**Host: 127.0.0.1:8088**User-Agent: Mozilla/5.0 (X11; Ubuntu; Linux x86_64; rv:105.0) Gecko/20100101 Firefox/105.0**Accept: image/avif,image/webp,*/***Accept-Language: en-US,en;q=0.5**Accept-Encoding: gzip, deflate, br**Connection: keep-alive**Referer: http://127.0.0.1:8088/**Sec-Fetch-Dest: image**Sec-Fetch-Mode: no-cors**Sec-Fetch-Site: same-origin****:2
[Tue Nov  1 10:56:19 2022
]INFO: SEND:example.jpg:2
[Tue Nov  1 10:56:19 2022
]INFO: Header:HTTP/1.1 200 OK
Server: nweb/23.0
Content-Length: 10184
Connection:     close
Content-Type: image/jpg

:2
[Tue Nov  1 10:56:29 2022
]INFO: request:GET / HTTP/1.1**Host: 127.0.0.1:8088**User-Agent: Mozilla/5.0 (X11; Ubuntu; Linux x86_64; rv:105.0) Gecko/20100101 Firefox/105.0**Accept: text/html,application/xhtml+xml,application/xml;q=0.9,image/avif,image/webp,*/*;q=0.8**Accept-Language: en-US,en;q=0.5**Accept-Encoding: gzip, deflate, br**Connection: keep-alive**Upgrade-Insecure-Requests: 1**Sec-Fetch-Dest: document**Sec-Fetch-Mode: navigate**Sec-Fetch-Site: none**Sec-Fetch-User: ?1****:3
[Tue Nov  1 10:56:29 2022
]INFO: SEND:index.html:3
[Tue Nov  1 10:56:29 2022
]INFO: Header:HTTP/1.1 200 OK
Server: nweb/23.0
Content-Length: 332
Connection:     close
Content-Type: text/html

:3
[Tue Nov  1 10:56:39 2022
]INFO: request:GET /example.jpg HTTP/1.1**Host: 127.0.0.1:8088**User-Agent: Mozilla/5.0 (X11; Ubuntu; Linux x86_64; rv:105.0) Gecko/20100101 Firefox/105.0**Accept: image/avif,image/webp,*/***Accept-Language: en-US,en;q=0.5**Accept-Encoding: gzip, deflate, br**Connection: keep-alive**Referer: http://127.0.0.1:8088/**Sec-Fetch-Dest: image**Sec-Fetch-Mode: no-cors**Sec-Fetch-Site: same-origin****:4
[Tue Nov  1 10:56:39 2022
]INFO: SEND:example.jpg:4
[Tue Nov  1 10:56:39 2022
]INFO: Header:HTTP/1.1 200 OK
Server: nweb/23.0
Content-Length: 10184
Connection:     close
Content-Type: image/jpg

:4
[Tue Nov  1 10:56:49 2022
]INFO: request:GET / HTTP/1.1**Host: 127.0.0.1:8088**User-Agent: Mozilla/5.0 (X11; Ubuntu; Linux x86_64; rv:105.0) Gecko/20100101 Firefox/105.0**Accept: text/html,application/xhtml+xml,application/xml;q=0.9,image/avif,image/webp,*/*;q=0.8**Accept-Language: en-US,en;q=0.5**Accept-Encoding: gzip, deflate, br**Connection: keep-alive**Upgrade-Insecure-Requests: 1**Sec-Fetch-Dest: document**Sec-Fetch-Mode: navigate**Sec-Fetch-Site: none**Sec-Fetch-User: ?1****:5
[Tue Nov  1 10:56:49 2022
]INFO: SEND:index.html:5
[Tue Nov  1 10:56:49 2022
]INFO: Header:HTTP/1.1 200 OK
Server: nweb/23.0
Content-Length: 332
Connection:     close
Content-Type: text/html

:5
[Tue Nov  1 10:59:15 2022
]INFO: nweb starting:8088:7260
[Tue Nov  1 10:59:20 2022
]INFO: request:GET / HTTP/1.1**Host: 127.0.0.1:8088**User-Agent: Mozilla/5.0 (X11; Ubuntu; Linux x86_64; rv:105.0) Gecko/20100101 Firefox/105.0**Accept: text/html,application/xhtml+xml,application/xml;q=0.9,image/avif,image/webp,*/*;q=0.8**Accept-Language: en-US,en;q=0.5**Accept-Encoding: gzip, deflate, br**Connection: keep-alive**Upgrade-Insecure-Requests: 1**Sec-Fetch-Dest: document**Sec-Fetch-Mode: navigate**Sec-Fetch-Site: none**Sec-Fetch-User: ?1****:1
[Tue Nov  1 10:59:20 2022
]INFO: SEND:index.html:1
[Tue Nov  1 10:59:20 2022
]INFO: Header:HTTP/1.1 200 OK
Server: nweb/23.0
Content-Length: 332
Connection:     close
Content-Type: text/html

:1
[Tue Nov  1 10:59:21 2022
]INFO: request:GET /example.jpg HTTP/1.1**Host: 127.0.0.1:8088**User-Agent: Mozilla/5.0 (X11; Ubuntu; Linux x86_64; rv:105.0) Gecko/20100101 Firefox/105.0**Accept: image/avif,image/webp,*/***Accept-Language: en-US,en;q=0.5**Accept-Encoding: gzip, deflate, br**Connection: keep-alive**Referer: http://127.0.0.1:8088/**Sec-Fetch-Dest: image**Sec-Fetch-Mode: no-cors**Sec-Fetch-Site: same-origin****:2
[Tue Nov  1 10:59:21 2022
]INFO: SEND:example.jpg:2
[Tue Nov  1 10:59:21 2022
]INFO: Header:HTTP/1.1 200 OK
Server: nweb/23.0
Content-Length: 10184
Connection:     close
Content-Type: image/jpg

:2
[Tue Nov  1 11:06:53 2022
]INFO: request:GET /index.html HTTP/1.0**Host: 127.0.0.1**User-Agent: http_load 09Mar2016****:3
[Tue Nov  1 11:06:53 2022
]INFO: SEND:index.html:3
[Tue Nov  1 11:06:53 2022
]INFO: Header:HTTP/1.1 200 OK
Server: nweb/23.0
Content-Length: 332
Connection:     close
Content-Type: text/html

:3
[Tue Nov  1 11:06:54 2022
]INFO: request:GET /index.html HTTP/1.0**Host: 127.0.0.1**User-Agent: http_load 09Mar2016****:4
[Tue Nov  1 11:06:54 2022
]INFO: SEND:index.html:4
[Tue Nov  1 11:06:54 2022
]INFO: Header:HTTP/1.1 200 OK
Server: nweb/23.0
Content-Length: 332
Connection:     close
Content-Type: text/html

:4
[Tue Nov  1 11:06:55 2022
]INFO: request:GET /index.html HTTP/1.0**Host: 127.0.0.1**User-Agent: http_load 09Mar2016****:5
[Tue Nov  1 11:06:55 2022
]INFO: SEND:index.html:5
[Tue Nov  1 11:06:55 2022
]INFO: Header:HTTP/1.1 200 OK
Server: nweb/23.0
Content-Length: 332
Connection:     close
Content-Type: text/html

:5
[Tue Nov  1 11:06:56 2022
]INFO: request:GET /index.html HTTP/1.0**Host: 127.0.0.1**User-Agent: http_load 09Mar2016****:6
[Tue Nov  1 11:06:56 2022
]INFO: SEND:index.html:6
[Tue Nov  1 11:06:56 2022
]INFO: Header:HTTP/1.1 200 OK
Server: nweb/23.0
Content-Length: 332
Connection:     close
Content-Type: text/html

:6
[Tue Nov  1 11:06:57 2022
]INFO: request:GET /index.html HTTP/1.0**Host: 127.0.0.1**User-Agent: http_load 09Mar2016****:7
[Tue Nov  1 11:06:57 2022
]INFO: SEND:index.html:7
[Tue Nov  1 11:06:57 2022
]INFO: Header:HTTP/1.1 200 OK
Server: nweb/23.0
Content-Length: 332
Connection:     close
Content-Type: text/html

:7
[Tue Nov  1 11:06:58 2022
]INFO: request:GET /index.html HTTP/1.0**Host: 127.0.0.1**User-Agent: http_load 09Mar2016****:8
[Tue Nov  1 11:06:58 2022
]INFO: SEND:index.html:8
[Tue Nov  1 11:06:58 2022
]INFO: Header:HTTP/1.1 200 OK
Server: nweb/23.0
Content-Length: 332
Connection:     close
Content-Type: text/html

:8
[Tue Nov  1 11:06:59 2022
]INFO: request:GET /index.html HTTP/1.0**Host: 127.0.0.1**User-Agent: http_load 09Mar2016****:9
[Tue Nov  1 11:06:59 2022
]INFO: SEND:index.html:9
[Tue Nov  1 11:06:59 2022
]INFO: Header:HTTP/1.1 200 OK
Server: nweb/23.0
Content-Length: 332
Connection:     close
Content-Type: text/html

:9
[Tue Nov  1 11:07:00 2022
]INFO: request:GET /index.html HTTP/1.0**Host: 127.0.0.1**User-Agent: http_load 09Mar2016****:10
[Tue Nov  1 11:07:00 2022
]INFO: SEND:index.html:10
[Tue Nov  1 11:07:00 2022
]INFO: Header:HTTP/1.1 200 OK
Server: nweb/23.0
Content-Length: 332
Connection:     close
Content-Type: text/html

:10
[Tue Nov  1 11:07:01 2022
]INFO: request:GET /index.html HTTP/1.0**Host: 127.0.0.1**User-Agent: http_load 09Mar2016****:11
[Tue Nov  1 11:07:01 2022
]INFO: SEND:index.html:11
[Tue Nov  1 11:07:01 2022
]INFO: Header:HTTP/1.1 200 OK
Server: nweb/23.0
Content-Length: 332
Connection:     close
Content-Type: text/html

:11
[Tue Nov  1 11:07:02 2022
]INFO: request:GET /index.html HTTP/1.0**Host: 127.0.0.1**User-Agent: http_load 09Mar2016****:12
[Tue Nov  1 11:07:02 2022
]INFO: SEND:index.html:12
[Tue Nov  1 11:07:02 2022
]INFO: Header:HTTP/1.1 200 OK
Server: nweb/23.0
Content-Length: 332
Connection:     close
Content-Type: text/html

:12
[Tue Nov  1 11:07:03 2022
]INFO: request:GET /index.html HTTP/1.0**Host: 127.0.0.1**User-Agent: http_load 09Mar2016****:13
[Tue Nov  1 11:07:03 2022
]INFO: SEND:index.html:13
[Tue Nov  1 11:07:03 2022
]INFO: Header:HTTP/1.1 200 OK
Server: nweb/23.0
Content-Length: 332
Connection:     close
Content-Type: text/html

:13
[Tue Nov  1 11:07:04 2022
]INFO: request:GET /index.html HTTP/1.0**Host: 127.0.0.1**User-Agent: http_load 09Mar2016****:14
[Tue Nov  1 11:07:04 2022
]INFO: SEND:index.html:14
[Tue Nov  1 11:07:04 2022
]INFO: Header:HTTP/1.1 200 OK
Server: nweb/23.0
Content-Length: 332
Connection:     close
Content-Type: text/html

:14
[Tue Nov  1 11:07:05 2022
]INFO: request:GET /index.html HTTP/1.0**Host: 127.0.0.1**User-Agent: http_load 09Mar2016****:15
[Tue Nov  1 11:07:05 2022
]INFO: SEND:index.html:15
[Tue Nov  1 11:07:05 2022
]INFO: Header:HTTP/1.1 200 OK
Server: nweb/23.0
Content-Length: 332
Connection:     close
Content-Type: text/html

:15
[Tue Nov  1 11:07:06 2022
]INFO: request:GET /index.html HTTP/1.0**Host: 127.0.0.1**User-Agent: http_load 09Mar2016****:16
[Tue Nov  1 11:07:06 2022
]INFO: SEND:index.html:16
[Tue Nov  1 11:07:06 2022
]INFO: Header:HTTP/1.1 200 OK
Server: nweb/23.0
Content-Length: 332
Connection:     close
Content-Type: text/html

:16
[Tue Nov  1 11:07:07 2022
]INFO: request:GET /index.html HTTP/1.0**Host: 127.0.0.1**User-Agent: http_load 09Mar2016****:17
[Tue Nov  1 11:07:07 2022
]INFO: SEND:index.html:17
[Tue Nov  1 11:07:07 2022
]INFO: Header:HTTP/1.1 200 OK
Server: nweb/23.0
Content-Length: 332
Connection:     close
Content-Type: text/html

:17
[Tue Nov  1 11:07:08 2022
]INFO: request:GET /index.html HTTP/1.0**Host: 127.0.0.1**User-Agent: http_load 09Mar2016****:18
[Tue Nov  1 11:07:08 2022
]INFO: SEND:index.html:18
[Tue Nov  1 11:07:08 2022
]INFO: Header:HTTP/1.1 200 OK
Server: nweb/23.0
Content-Length: 332
Connection:     close
Content-Type: text/html

:18
[Tue Nov  1 11:07:09 2022
]INFO: request:GET /index.html HTTP/1.0**Host: 127.0.0.1**User-Agent: http_load 09Mar2016****:19
[Tue Nov  1 11:07:09 2022
]INFO: SEND:index.html:19
[Tue Nov  1 11:07:09 2022
]INFO: Header:HTTP/1.1 200 OK
Server: nweb/23.0
Content-Length: 332
Connection:     close
Content-Type: text/html

:19
[Tue Nov  1 11:07:10 2022
]INFO: request:GET /index.html HTTP/1.0**Host: 127.0.0.1**User-Agent: http_load 09Mar2016****:20
[Tue Nov  1 11:07:10 2022
]INFO: SEND:index.html:20
[Tue Nov  1 11:07:10 2022
]INFO: Header:HTTP/1.1 200 OK
Server: nweb/23.0
Content-Length: 332
Connection:     close
Content-Type: text/html

:20
[Tue Nov  1 11:07:11 2022
]INFO: request:GET /index.html HTTP/1.0**Host: 127.0.0.1**User-Agent: http_load 09Mar2016****:21
[Tue Nov  1 11:07:11 2022
]INFO: SEND:index.html:21
[Tue Nov  1 11:07:11 2022
]INFO: Header:HTTP/1.1 200 OK
Server: nweb/23.0
Content-Length: 332
Connection:     close
Content-Type: text/html

:21
[Tue Nov  1 11:07:12 2022
]INFO: request:GET /index.html HTTP/1.0**Host: 127.0.0.1**User-Agent: http_load 09Mar2016****:22
[Tue Nov  1 11:07:12 2022
]INFO: SEND:index.html:22
[Tue Nov  1 11:07:12 2022
]INFO: Header:HTTP/1.1 200 OK
Server: nweb/23.0
Content-Length: 332
Connection:     close
Content-Type: text/html

:22
[Tue Nov  1 11:07:13 2022
]INFO: request:GET /index.html HTTP/1.0**Host: 127.0.0.1**User-Agent: http_load 09Mar2016****:23
[Tue Nov  1 11:07:13 2022
]INFO: SEND:index.html:23
[Tue Nov  1 11:07:13 2022
]INFO: Header:HTTP/1.1 200 OK
Server: nweb/23.0
Content-Length: 332
Connection:     close
Content-Type: text/html

:23
[Tue Nov  1 11:08:30 2022
]INFO: nweb starting:8088:7552
[Tue Nov  1 11:08:34 2022
]INFO: request:GET /index.html HTTP/1.0**Host: 127.0.0.1**User-Agent: http_load 09Mar2016****:1
[Tue Nov  1 11:08:34 2022
]INFO: SEND:index.html:1
[Tue Nov  1 11:08:34 2022
]INFO: Header:HTTP/1.1 200 OK
Server: nweb/23.0
Content-Length: 332
Connection:     close
Content-Type: text/html

:1
[Tue Nov  1 11:08:35 2022
]INFO: request:GET /index.html HTTP/1.0**Host: 127.0.0.1**User-Agent: http_load 09Mar2016****:2
[Tue Nov  1 11:08:35 2022
]INFO: SEND:index.html:2
[Tue Nov  1 11:08:35 2022
]INFO: Header:HTTP/1.1 200 OK
Server: nweb/23.0
Content-Length: 332
Connection:     close
Content-Type: text/html

:2
[Tue Nov  1 11:08:36 2022
]INFO: request:GET /index.html HTTP/1.0**Host: 127.0.0.1**User-Agent: http_load 09Mar2016****:3
[Tue Nov  1 11:08:36 2022
]INFO: SEND:index.html:3
[Tue Nov  1 11:08:36 2022
]INFO: Header:HTTP/1.1 200 OK
Server: nweb/23.0
Content-Length: 332
Connection:     close
Content-Type: text/html

:3
[Tue Nov  1 11:08:37 2022
]INFO: request:GET /index.html HTTP/1.0**Host: 127.0.0.1**User-Agent: http_load 09Mar2016****:4
[Tue Nov  1 11:08:37 2022
]INFO: SEND:index.html:4
[Tue Nov  1 11:08:37 2022
]INFO: Header:HTTP/1.1 200 OK
Server: nweb/23.0
Content-Length: 332
Connection:     close
Content-Type: text/html

:4
[Tue Nov  1 11:08:38 2022
]INFO: request:GET /index.html HTTP/1.0**Host: 127.0.0.1**User-Agent: http_load 09Mar2016****:5
[Tue Nov  1 11:08:38 2022
]INFO: SEND:index.html:5
[Tue Nov  1 11:08:38 2022
]INFO: Header:HTTP/1.1 200 OK
Server: nweb/23.0
Content-Length: 332
Connection:     close
Content-Type: text/html

:5
[Tue Nov  1 11:08:39 2022
]INFO: request:GET /index.html HTTP/1.0**Host: 127.0.0.1**User-Agent: http_load 09Mar2016****:6
[Tue Nov  1 11:08:39 2022
]INFO: SEND:index.html:6
[Tue Nov  1 11:08:39 2022
]INFO: Header:HTTP/1.1 200 OK
Server: nweb/23.0
Content-Length: 332
Connection:     close
Content-Type: text/html

:6
[Tue Nov  1 11:08:40 2022
]INFO: request:GET /index.html HTTP/1.0**Host: 127.0.0.1**User-Agent: http_load 09Mar2016****:7
[Tue Nov  1 11:08:40 2022
]INFO: SEND:index.html:7
[Tue Nov  1 11:08:40 2022
]INFO: Header:HTTP/1.1 200 OK
Server: nweb/23.0
Content-Length: 332
Connection:     close
Content-Type: text/html

:7
[Tue Nov  1 11:08:41 2022
]INFO: request:GET /index.html HTTP/1.0**Host: 127.0.0.1**User-Agent: http_load 09Mar2016****:8
[Tue Nov  1 11:08:41 2022
]INFO: SEND:index.html:8
[Tue Nov  1 11:08:41 2022
]INFO: Header:HTTP/1.1 200 OK
Server: nweb/23.0
Content-Length: 332
Connection:     close
Content-Type: text/html

:8
[Tue Nov  1 11:08:42 2022
]INFO: request:GET /index.html HTTP/1.0**Host: 127.0.0.1**User-Agent: http_load 09Mar2016****:9
[Tue Nov  1 11:08:42 2022
]INFO: SEND:index.html:9
[Tue Nov  1 11:08:42 2022
]INFO: Header:HTTP/1.1 200 OK
Server: nweb/23.0
Content-Length: 332
Connection:     close
Content-Type: text/html

:9
[Tue Nov  1 11:08:43 2022
]INFO: request:GET /index.html HTTP/1.0**Host: 127.0.0.1**User-Agent: http_load 09Mar2016****:10
[Tue Nov  1 11:08:43 2022
]INFO: SEND:index.html:10
[Tue Nov  1 11:08:43 2022
]INFO: Header:HTTP/1.1 200 OK
Server: nweb/23.0
Content-Length: 332
Connection:     close
Content-Type: text/html

:10
[Tue Nov  1 11:08:44 2022
]INFO: request:GET /index.html HTTP/1.0**Host: 127.0.0.1**User-Agent: http_load 09Mar2016****:11
[Tue Nov  1 11:08:44 2022
]INFO: SEND:index.html:11
[Tue Nov  1 11:08:44 2022
]INFO: Header:HTTP/1.1 200 OK
Server: nweb/23.0
Content-Length: 332
Connection:     close
Content-Type: text/html

:11
[Tue Nov  1 11:08:45 2022
]INFO: request:GET /index.html HTTP/1.0**Host: 127.0.0.1**User-Agent: http_load 09Mar2016****:12
[Tue Nov  1 11:08:45 2022
]INFO: SEND:index.html:12
[Tue Nov  1 11:08:45 2022
]INFO: Header:HTTP/1.1 200 OK
Server: nweb/23.0
Content-Length: 332
Connection:     close
Content-Type: text/html

:12
[Tue Nov  1 11:08:46 2022
]INFO: request:GET /index.html HTTP/1.0**Host: 127.0.0.1**User-Agent: http_load 09Mar2016****:13
[Tue Nov  1 11:08:46 2022
]INFO: SEND:index.html:13
[Tue Nov  1 11:08:46 2022
]INFO: Header:HTTP/1.1 200 OK
Server: nweb/23.0
Content-Length: 332
Connection:     close
Content-Type: text/html

:13
[Tue Nov  1 11:08:47 2022
]INFO: request:GET /index.html HTTP/1.0**Host: 127.0.0.1**User-Agent: http_load 09Mar2016****:14
[Tue Nov  1 11:08:47 2022
]INFO: SEND:index.html:14
[Tue Nov  1 11:08:47 2022
]INFO: Header:HTTP/1.1 200 OK
Server: nweb/23.0
Content-Length: 332
Connection:     close
Content-Type: text/html

:14
[Tue Nov  1 11:08:48 2022
]INFO: request:GET /index.html HTTP/1.0**Host: 127.0.0.1**User-Agent: http_load 09Mar2016****:15
[Tue Nov  1 11:08:48 2022
]INFO: SEND:index.html:15
[Tue Nov  1 11:08:48 2022
]INFO: Header:HTTP/1.1 200 OK
Server: nweb/23.0
Content-Length: 332
Connection:     close
Content-Type: text/html

:15
[Tue Nov  1 11:08:49 2022
]INFO: request:GET /index.html HTTP/1.0**Host: 127.0.0.1**User-Agent: http_load 09Mar2016****:16
[Tue Nov  1 11:08:49 2022
]INFO: SEND:index.html:16
[Tue Nov  1 11:08:49 2022
]INFO: Header:HTTP/1.1 200 OK
Server: nweb/23.0
Content-Length: 332
Connection:     close
Content-Type: text/html

:16
[Tue Nov  1 11:08:50 2022
]INFO: request:GET /index.html HTTP/1.0**Host: 127.0.0.1**User-Agent: http_load 09Mar2016****:17
[Tue Nov  1 11:08:50 2022
]INFO: SEND:index.html:17
[Tue Nov  1 11:08:50 2022
]INFO: Header:HTTP/1.1 200 OK
Server: nweb/23.0
Content-Length: 332
Connection:     close
Content-Type: text/html

:17
[Tue Nov  1 11:08:51 2022
]INFO: request:GET /index.html HTTP/1.0**Host: 127.0.0.1**User-Agent: http_load 09Mar2016****:18
[Tue Nov  1 11:08:51 2022
]INFO: SEND:index.html:18
[Tue Nov  1 11:08:51 2022
]INFO: Header:HTTP/1.1 200 OK
Server: nweb/23.0
Content-Length: 332
Connection:     close
Content-Type: text/html

:18
[Tue Nov  1 11:08:52 2022
]INFO: request:GET /index.html HTTP/1.0**Host: 127.0.0.1**User-Agent: http_load 09Mar2016****:19
[Tue Nov  1 11:08:52 2022
]INFO: SEND:index.html:19
[Tue Nov  1 11:08:52 2022
]INFO: Header:HTTP/1.1 200 OK
Server: nweb/23.0
Content-Length: 332
Connection:     close
Content-Type: text/html

:19
[Tue Nov  1 11:08:53 2022
]INFO: request:GET /index.html HTTP/1.0**Host: 127.0.0.1**User-Agent: http_load 09Mar2016****:20
[Tue Nov  1 11:08:53 2022
]INFO: SEND:index.html:20
[Tue Nov  1 11:08:53 2022
]INFO: Header:HTTP/1.1 200 OK
Server: nweb/23.0
Content-Length: 332
Connection:     close
Content-Type: text/html

:20
[Tue Nov  1 11:08:54 2022
]INFO: request:GET /index.html HTTP/1.0**Host: 127.0.0.1**User-Agent: http_load 09Mar2016****:21
[Tue Nov  1 11:08:54 2022
]INFO: SEND:index.html:21
[Tue Nov  1 11:08:54 2022
]INFO: Header:HTTP/1.1 200 OK
Server: nweb/23.0
Content-Length: 332
Connection:     close
Content-Type: text/html

:21
[Tue Nov  1 12:37:40 2022
]INFO: nweb starting:8088:8200
[Tue Nov  1 12:37:57 2022
]INFO: request:GET / HTTP/1.1**Host: 127.0.0.1:8088**User-Agent: Mozilla/5.0 (X11; Ubuntu; Linux x86_64; rv:105.0) Gecko/20100101 Firefox/105.0**Accept: text/html,application/xhtml+xml,application/xml;q=0.9,image/avif,image/webp,*/*;q=0.8**Accept-Language: en-US,en;q=0.5**Accept-Encoding: gzip, deflate, br**Connection: keep-alive**Upgrade-Insecure-Requests: 1**Sec-Fetch-Dest: document**Sec-Fetch-Mode: navigate**Sec-Fetch-Site: none**Sec-Fetch-User: ?1****:1
[Tue Nov  1 12:37:57 2022
]INFO: SEND:index.html:1
[Tue Nov  1 12:37:57 2022
]INFO: Header:HTTP/1.1 200 OK
Server: nweb/23.0
Content-Length: 332
Connection:     close
Content-Type: text/html

:1
[Tue Nov  1 12:37:58 2022
]INFO: request:GET /example.jpg HTTP/1.1**Host: 127.0.0.1:8088**User-Agent: Mozilla/5.0 (X11; Ubuntu; Linux x86_64; rv:105.0) Gecko/20100101 Firefox/105.0**Accept: image/avif,image/webp,*/***Accept-Language: en-US,en;q=0.5**Accept-Encoding: gzip, deflate, br**Connection: keep-alive**Referer: http://127.0.0.1:8088/**Sec-Fetch-Dest: image**Sec-Fetch-Mode: no-cors**Sec-Fetch-Site: same-origin****:2
[Tue Nov  1 12:37:58 2022
]INFO: SEND:example.jpg:2
[Tue Nov  1 12:37:58 2022
]INFO: Header:HTTP/1.1 200 OK
Server: nweb/23.0
Content-Length: 10184
Connection:     close
Content-Type: image/jpg

:2
INFO: nweb starting:8088:8486
INFO: request:GET / HTTP/1.1**Host: 127.0.0.1:8088**User-Agent: Mozilla/5.0 (X11; Ubuntu; Linux x86_64; rv:105.0) Gecko/20100101 Firefox/105.0**Accept: text/html,application/xhtml+xml,application/xml;q=0.9,image/avif,image/webp,*/*;q=0.8**Accept-Language: en-US,en;q=0.5**Accept-Encoding: gzip, deflate, br**Connection: keep-alive**Upgrade-Insecure-Requests: 1**Sec-Fetch-Dest: document**Sec-Fetch-Mode: navigate**Sec-Fetch-Site: none**Sec-Fetch-User: ?1****:1
INFO: SEND:index.html:1
INFO: Header:HTTP/1.1 200 OK
Server: nweb/23.0
Content-Length: 332
Connection:     close
Content-Type: text/html

:1
INFO: request:GET /example.jpg HTTP/1.1**Host: 127.0.0.1:8088**User-Agent: Mozilla/5.0 (X11; Ubuntu; Linux x86_64; rv:105.0) Gecko/20100101 Firefox/105.0**Accept: image/avif,image/webp,*/***Accept-Language: en-US,en;q=0.5**Accept-Encoding: gzip, deflate, br**Connection: keep-alive**Referer: http://127.0.0.1:8088/**Sec-Fetch-Dest: image**Sec-Fetch-Mode: no-cors**Sec-Fetch-Site: same-origin****:2
INFO: SEND:example.jpg:2
INFO: Header:HTTP/1.1 200 OK
Server: nweb/23.0
Content-Length: 10184
Connection:     close
Content-Type: image/jpg

:2
INFO: request:GET / HTTP/1.1**Host: 127.0.0.1:8088**User-Agent: Mozilla/5.0 (X11; Ubuntu; Linux x86_64; rv:105.0) Gecko/20100101 Firefox/105.0**Accept: text/html,application/xhtml+xml,application/xml;q=0.9,image/avif,image/webp,*/*;q=0.8**Accept-Language: en-US,en;q=0.5**Accept-Encoding: gzip, deflate, br**Connection: keep-alive**Upgrade-Insecure-Requests: 1**Sec-Fetch-Dest: document**Sec-Fetch-Mode: navigate**Sec-Fetch-Site: none**Sec-Fetch-User: ?1****:3
INFO: SEND:index.html:3
INFO: Header:HTTP/1.1 200 OK
Server: nweb/23.0
Content-Length: 332
Connection:     close
Content-Type: text/html

:3
INFO: request:GET /example.jpg HTTP/1.1**Host: 127.0.0.1:8088**User-Agent: Mozilla/5.0 (X11; Ubuntu; Linux x86_64; rv:105.0) Gecko/20100101 Firefox/105.0**Accept: image/avif,image/webp,*/***Accept-Language: en-US,en;q=0.5**Accept-Encoding: gzip, deflate, br**Connection: keep-alive**Referer: http://127.0.0.1:8088/**Sec-Fetch-Dest: image**Sec-Fetch-Mode: no-cors**Sec-Fetch-Site: same-origin****:4
INFO: SEND:example.jpg:4
INFO: Header:HTTP/1.1 200 OK
Server: nweb/23.0
Content-Length: 10184
Connection:     close
Content-Type: image/jpg

:4
INFO: request:GET / HTTP/1.1**Host: 127.0.0.1:8088**User-Agent: Mozilla/5.0 (X11; Ubuntu; Linux x86_64; rv:105.0) Gecko/20100101 Firefox/105.0**Accept: text/html,application/xhtml+xml,application/xml;q=0.9,image/avif,image/webp,*/*;q=0.8**Accept-Language: en-US,en;q=0.5**Accept-Encoding: gzip, deflate, br**Connection: keep-alive**Upgrade-Insecure-Requests: 1**Sec-Fetch-Dest: document**Sec-Fetch-Mode: navigate**Sec-Fetch-Site: none**Sec-Fetch-User: ?1****:5
INFO: SEND:index.html:5
INFO: Header:HTTP/1.1 200 OK
Server: nweb/23.0
Content-Length: 332
Connection:     close
Content-Type: text/html

:5
INFO: request:GET /example.jpg HTTP/1.1**Host: 127.0.0.1:8088**User-Agent: Mozilla/5.0 (X11; Ubuntu; Linux x86_64; rv:105.0) Gecko/20100101 Firefox/105.0**Accept: image/avif,image/webp,*/***Accept-Language: en-US,en;q=0.5**Accept-Encoding: gzip, deflate, br**Connection: keep-alive**Referer: http://127.0.0.1:8088/**Sec-Fetch-Dest: image**Sec-Fetch-Mode: no-cors**Sec-Fetch-Site: same-origin****:6
INFO: SEND:example.jpg:6
INFO: Header:HTTP/1.1 200 OK
Server: nweb/23.0
Content-Length: 10184
Connection:     close
Content-Type: image/jpg

:6
INFO: request:GET / HTTP/1.1**Host: 127.0.0.1:8088**User-Agent: Mozilla/5.0 (X11; Ubuntu; Linux x86_64; rv:105.0) Gecko/20100101 Firefox/105.0**Accept: text/html,application/xhtml+xml,application/xml;q=0.9,image/avif,image/webp,*/*;q=0.8**Accept-Language: en-US,en;q=0.5**Accept-Encoding: gzip, deflate, br**Connection: keep-alive**Upgrade-Insecure-Requests: 1**Sec-Fetch-Dest: document**Sec-Fetch-Mode: navigate**Sec-Fetch-Site: none**Sec-Fetch-User: ?1****:7
INFO: SEND:index.html:7
INFO: Header:HTTP/1.1 200 OK
Server: nweb/23.0
Content-Length: 332
Connection:     close
Content-Type: text/html

:7
INFO: request:GET /example.jpg HTTP/1.1**Host: 127.0.0.1:8088**User-Agent: Mozilla/5.0 (X11; Ubuntu; Linux x86_64; rv:105.0) Gecko/20100101 Firefox/105.0**Accept: image/avif,image/webp,*/***Accept-Language: en-US,en;q=0.5**Accept-Encoding: gzip, deflate, br**Connection: keep-alive**Referer: http://127.0.0.1:8088/**Sec-Fetch-Dest: image**Sec-Fetch-Mode: no-cors**Sec-Fetch-Site: same-origin****:8
INFO: SEND:example.jpg:8
INFO: Header:HTTP/1.1 200 OK
Server: nweb/23.0
Content-Length: 10184
Connection:     close
Content-Type: image/jpg

:8
INFO: request:GET / HTTP/1.1**Host: 127.0.0.1:8088**User-Agent: Mozilla/5.0 (X11; Ubuntu; Linux x86_64; rv:105.0) Gecko/20100101 Firefox/105.0**Accept: text/html,application/xhtml+xml,application/xml;q=0.9,image/avif,image/webp,*/*;q=0.8**Accept-Language: en-US,en;q=0.5**Accept-Encoding: gzip, deflate, br**Connection: keep-alive**Upgrade-Insecure-Requests: 1**Sec-Fetch-Dest: document**Sec-Fetch-Mode: navigate**Sec-Fetch-Site: none**Sec-Fetch-User: ?1****:9
INFO: SEND:index.html:9
INFO: Header:HTTP/1.1 200 OK
Server: nweb/23.0
Content-Length: 332
Connection:     close
Content-Type: text/html

:9
[Tue Nov  1 13:03:46 2022
INFO: nweb starting:8088:8566
[Tue Nov  1 13:03:49 2022
INFO: request:GET / HTTP/1.1**Host: 127.0.0.1:8088**User-Agent: Mozilla/5.0 (X11; Ubuntu; Linux x86_64; rv:105.0) Gecko/20100101 Firefox/105.0**Accept: text/html,application/xhtml+xml,application/xml;q=0.9,image/avif,image/webp,*/*;q=0.8**Accept-Language: en-US,en;q=0.5**Accept-Encoding: gzip, deflate, br**Connection: keep-alive**Upgrade-Insecure-Requests: 1**Sec-Fetch-Dest: document**Sec-Fetch-Mode: navigate**Sec-Fetch-Site: none**Sec-Fetch-User: ?1****:1
[Tue Nov  1 13:03:49 2022
INFO: SEND:index.html:1
[Tue Nov  1 13:03:49 2022
INFO: Header:HTTP/1.1 200 OK
Server: nweb/23.0
Content-Length: 332
Connection:     close
Content-Type: text/html

:1
[Tue Nov  1 13:03:50 2022
INFO: request:GET /example.jpg HTTP/1.1**Host: 127.0.0.1:8088**User-Agent: Mozilla/5.0 (X11; Ubuntu; Linux x86_64; rv:105.0) Gecko/20100101 Firefox/105.0**Accept: image/avif,image/webp,*/***Accept-Language: en-US,en;q=0.5**Accept-Encoding: gzip, deflate, br**Connection: keep-alive**Referer: http://127.0.0.1:8088/**Sec-Fetch-Dest: image**Sec-Fetch-Mode: no-cors**Sec-Fetch-Site: same-origin****:2
[Tue Nov  1 13:03:50 2022
INFO: SEND:example.jpg:2
[Tue Nov  1 13:03:50 2022
INFO: Header:HTTP/1.1 200 OK
Server: nweb/23.0
Content-Length: 10184
Connection:     close
Content-Type: image/jpg

:2
[Tue Nov  1 13:04:03 2022
INFO: nweb starting:8088:8574
[Tue Nov  1 13:04:05 2022
INFO: request:GET / HTTP/1.1**Host: 127.0.0.1:8088**User-Agent: Mozilla/5.0 (X11; Ubuntu; Linux x86_64; rv:105.0) Gecko/20100101 Firefox/105.0**Accept: text/html,application/xhtml+xml,application/xml;q=0.9,image/avif,image/webp,*/*;q=0.8**Accept-Language: en-US,en;q=0.5**Accept-Encoding: gzip, deflate, br**Connection: keep-alive**Upgrade-Insecure-Requests: 1**Sec-Fetch-Dest: document**Sec-Fetch-Mode: navigate**Sec-Fetch-Site: none**Sec-Fetch-User: ?1****:1
[Tue Nov  1 13:04:05 2022
INFO: SEND:index.html:1
[Tue Nov  1 13:04:05 2022
INFO: Header:HTTP/1.1 200 OK
Server: nweb/23.0
Content-Length: 332
Connection:     close
Content-Type: text/html

:1
[Tue Nov  1 13:04:06 2022
INFO: request:GET /example.jpg HTTP/1.1**Host: 127.0.0.1:8088**User-Agent: Mozilla/5.0 (X11; Ubuntu; Linux x86_64; rv:105.0) Gecko/20100101 Firefox/105.0**Accept: image/avif,image/webp,*/***Accept-Language: en-US,en;q=0.5**Accept-Encoding: gzip, deflate, br**Connection: keep-alive**Referer: http://127.0.0.1:8088/**Sec-Fetch-Dest: image**Sec-Fetch-Mode: no-cors**Sec-Fetch-Site: same-origin****:2
[Tue Nov  1 13:04:06 2022
INFO: SEND:example.jpg:2
[Tue Nov  1 13:04:06 2022
INFO: Header:HTTP/1.1 200 OK
Server: nweb/23.0
Content-Length: 10184
Connection:     close
Content-Type: image/jpg

:2
[Tue Nov  1 13:04:08 2022
INFO: request:GET / HTTP/1.1**Host: 127.0.0.1:8088**User-Agent: Mozilla/5.0 (X11; Ubuntu; Linux x86_64; rv:105.0) Gecko/20100101 Firefox/105.0**Accept: text/html,application/xhtml+xml,application/xml;q=0.9,image/avif,image/webp,*/*;q=0.8**Accept-Language: en-US,en;q=0.5**Accept-Encoding: gzip, deflate, br**Connection: keep-alive**Upgrade-Insecure-Requests: 1**Sec-Fetch-Dest: document**Sec-Fetch-Mode: navigate**Sec-Fetch-Site: none**Sec-Fetch-User: ?1****:3
[Tue Nov  1 13:04:08 2022
INFO: SEND:index.html:3
[Tue Nov  1 13:04:08 2022
INFO: Header:HTTP/1.1 200 OK
Server: nweb/23.0
Content-Length: 332
Connection:     close
Content-Type: text/html

:3
[Tue Nov  1 13:04:09 2022
INFO: request:GET /example.jpg HTTP/1.1**Host: 127.0.0.1:8088**User-Agent: Mozilla/5.0 (X11; Ubuntu; Linux x86_64; rv:105.0) Gecko/20100101 Firefox/105.0**Accept: image/avif,image/webp,*/***Accept-Language: en-US,en;q=0.5**Accept-Encoding: gzip, deflate, br**Connection: keep-alive**Referer: http://127.0.0.1:8088/**Sec-Fetch-Dest: image**Sec-Fetch-Mode: no-cors**Sec-Fetch-Site: same-origin****:4
[Tue Nov  1 13:04:09 2022
INFO: SEND:example.jpg:4
[Tue Nov  1 13:04:09 2022
INFO: Header:HTTP/1.1 200 OK
Server: nweb/23.0
Content-Length: 10184
Connection:     close
Content-Type: image/jpg

:4
[Tue Nov  1 13:04:11 2022
INFO: request:GET / HTTP/1.1**Host: 127.0.0.1:8088**User-Agent: Mozilla/5.0 (X11; Ubuntu; Linux x86_64; rv:105.0) Gecko/20100101 Firefox/105.0**Accept: text/html,application/xhtml+xml,application/xml;q=0.9,image/avif,image/webp,*/*;q=0.8**Accept-Language: en-US,en;q=0.5**Accept-Encoding: gzip, deflate, br**Connection: keep-alive**Upgrade-Insecure-Requests: 1**Sec-Fetch-Dest: document**Sec-Fetch-Mode: navigate**Sec-Fetch-Site: none**Sec-Fetch-User: ?1****:5
[Tue Nov  1 13:04:11 2022
INFO: SEND:index.html:5
[Tue Nov  1 13:04:11 2022
INFO: Header:HTTP/1.1 200 OK
Server: nweb/23.0
Content-Length: 332
Connection:     close
Content-Type: text/html

:5
[Tue Nov  1 13:04:12 2022
INFO: request:GET /example.jpg HTTP/1.1**Host: 127.0.0.1:8088**User-Agent: Mozilla/5.0 (X11; Ubuntu; Linux x86_64; rv:105.0) Gecko/20100101 Firefox/105.0**Accept: image/avif,image/webp,*/***Accept-Language: en-US,en;q=0.5**Accept-Encoding: gzip, deflate, br**Connection: keep-alive**Referer: http://127.0.0.1:8088/**Sec-Fetch-Dest: image**Sec-Fetch-Mode: no-cors**Sec-Fetch-Site: same-origin****:6
[Tue Nov  1 13:04:12 2022
INFO: SEND:example.jpg:6
[Tue Nov  1 13:04:12 2022
INFO: Header:HTTP/1.1 200 OK
Server: nweb/23.0
Content-Length: 10184
Connection:     close
Content-Type: image/jpg

:6
[Tue Nov  1 13:04:13 2022
INFO: request:GET / HTTP/1.1**Host: 127.0.0.1:8088**User-Agent: Mozilla/5.0 (X11; Ubuntu; Linux x86_64; rv:105.0) Gecko/20100101 Firefox/105.0**Accept: text/html,application/xhtml+xml,application/xml;q=0.9,image/avif,image/webp,*/*;q=0.8**Accept-Language: en-US,en;q=0.5**Accept-Encoding: gzip, deflate, br**Connection: keep-alive**Upgrade-Insecure-Requests: 1**Sec-Fetch-Dest: document**Sec-Fetch-Mode: navigate**Sec-Fetch-Site: none**Sec-Fetch-User: ?1****:7
[Tue Nov  1 13:04:13 2022
INFO: SEND:index.html:7
[Tue Nov  1 13:04:13 2022
INFO: Header:HTTP/1.1 200 OK
Server: nweb/23.0
Content-Length: 332
Connection:     close
Content-Type: text/html

:7
[Tue Nov  1 13:04:14 2022
INFO: request:GET /example.jpg HTTP/1.1**Host: 127.0.0.1:8088**User-Agent: Mozilla/5.0 (X11; Ubuntu; Linux x86_64; rv:105.0) Gecko/20100101 Firefox/105.0**Accept: image/avif,image/webp,*/***Accept-Language: en-US,en;q=0.5**Accept-Encoding: gzip, deflate, br**Connection: keep-alive**Referer: http://127.0.0.1:8088/**Sec-Fetch-Dest: image**Sec-Fetch-Mode: no-cors**Sec-Fetch-Site: same-origin****:8
[Tue Nov  1 13:04:14 2022
INFO: SEND:example.jpg:8
[Tue Nov  1 13:04:14 2022
INFO: Header:HTTP/1.1 200 OK
Server: nweb/23.0
Content-Length: 10184
Connection:     close
Content-Type: image/jpg

:8
[Tue Nov  1 13:27:22 2022
INFO: request:GET /index.html HTTP/1.0**Host: 127.0.0.1**User-Agent: http_load 09Mar2016****:9
[Tue Nov  1 13:27:22 2022
INFO: SEND:index.html:9
[Tue Nov  1 13:27:22 2022
INFO: Header:HTTP/1.1 200 OK
Server: nweb/23.0
Content-Length: 332
Connection:     close
Content-Type: text/html

:9
[Tue Nov  1 13:27:23 2022
INFO: request:GET /index.html HTTP/1.0**Host: 127.0.0.1**User-Agent: http_load 09Mar2016****:10
[Tue Nov  1 13:27:23 2022
INFO: SEND:index.html:10
[Tue Nov  1 13:27:23 2022
INFO: Header:HTTP/1.1 200 OK
Server: nweb/23.0
Content-Length: 332
Connection:     close
Content-Type: text/html

:10
[Tue Nov  1 13:27:24 2022
INFO: request:GET /index.html HTTP/1.0**Host: 127.0.0.1**User-Agent: http_load 09Mar2016****:11
[Tue Nov  1 13:27:24 2022
INFO: SEND:index.html:11
[Tue Nov  1 13:27:24 2022
INFO: Header:HTTP/1.1 200 OK
Server: nweb/23.0
Content-Length: 332
Connection:     close
Content-Type: text/html

:11
[Tue Nov  1 13:27:25 2022
INFO: request:GET /index.html HTTP/1.0**Host: 127.0.0.1**User-Agent: http_load 09Mar2016****:12
[Tue Nov  1 13:27:25 2022
INFO: SEND:index.html:12
[Tue Nov  1 13:27:25 2022
INFO: Header:HTTP/1.1 200 OK
Server: nweb/23.0
Content-Length: 332
Connection:     close
Content-Type: text/html

:12
[Tue Nov  1 13:27:26 2022
INFO: request:GET /index.html HTTP/1.0**Host: 127.0.0.1**User-Agent: http_load 09Mar2016****:13
[Tue Nov  1 13:27:26 2022
INFO: SEND:index.html:13
[Tue Nov  1 13:27:26 2022
INFO: Header:HTTP/1.1 200 OK
Server: nweb/23.0
Content-Length: 332
Connection:     close
Content-Type: text/html

:13
[Tue Nov  1 13:27:38 2022
INFO: nweb starting:8088:8804
[Tue Nov  1 13:27:41 2022
INFO: request:GET /index.html HTTP/1.0**Host: 127.0.0.1**User-Agent: http_load 09Mar2016****:1
[Tue Nov  1 13:27:41 2022
INFO: SEND:index.html:1
[Tue Nov  1 13:27:41 2022
INFO: Header:HTTP/1.1 200 OK
Server: nweb/23.0
Content-Length: 332
Connection:     close
Content-Type: text/html

:1
[Tue Nov  1 13:27:42 2022
INFO: request:GET /index.html HTTP/1.0**Host: 127.0.0.1**User-Agent: http_load 09Mar2016****:2
[Tue Nov  1 13:27:42 2022
INFO: SEND:index.html:2
[Tue Nov  1 13:27:42 2022
INFO: Header:HTTP/1.1 200 OK
Server: nweb/23.0
Content-Length: 332
Connection:     close
Content-Type: text/html

:2
[Tue Nov  1 13:27:43 2022
INFO: request:GET /index.html HTTP/1.0**Host: 127.0.0.1**User-Agent: http_load 09Mar2016****:3
[Tue Nov  1 13:27:43 2022
INFO: SEND:index.html:3
[Tue Nov  1 13:27:43 2022
INFO: Header:HTTP/1.1 200 OK
Server: nweb/23.0
Content-Length: 332
Connection:     close
Content-Type: text/html

:3
[Tue Nov  1 13:27:44 2022
INFO: request:GET /index.html HTTP/1.0**Host: 127.0.0.1**User-Agent: http_load 09Mar2016****:4
[Tue Nov  1 13:27:44 2022
INFO: SEND:index.html:4
[Tue Nov  1 13:27:44 2022
INFO: Header:HTTP/1.1 200 OK
Server: nweb/23.0
Content-Length: 332
Connection:     close
Content-Type: text/html

:4
[Tue Nov  1 13:27:45 2022
INFO: request:GET /index.html HTTP/1.0**Host: 127.0.0.1**User-Agent: http_load 09Mar2016****:5
[Tue Nov  1 13:27:45 2022
INFO: SEND:index.html:5
[Tue Nov  1 13:27:45 2022
INFO: Header:HTTP/1.1 200 OK
Server: nweb/23.0
Content-Length: 332
Connection:     close
Content-Type: text/html

:5
[Tue Nov  1 13:27:46 2022
INFO: request:GET /index.html HTTP/1.0**Host: 127.0.0.1**User-Agent: http_load 09Mar2016****:6
[Tue Nov  1 13:27:46 2022
INFO: SEND:index.html:6
[Tue Nov  1 13:27:46 2022
INFO: Header:HTTP/1.1 200 OK
Server: nweb/23.0
Content-Length: 332
Connection:     close
Content-Type: text/html

:6
[Tue Nov  1 13:27:47 2022
INFO: request:GET /index.html HTTP/1.0**Host: 127.0.0.1**User-Agent: http_load 09Mar2016****:7
[Tue Nov  1 13:27:47 2022
INFO: SEND:index.html:7
[Tue Nov  1 13:27:47 2022
INFO: Header:HTTP/1.1 200 OK
Server: nweb/23.0
Content-Length: 332
Connection:     close
Content-Type: text/html

:7
[Tue Nov  1 13:27:48 2022
INFO: request:GET /index.html HTTP/1.0**Host: 127.0.0.1**User-Agent: http_load 09Mar2016****:8
[Tue Nov  1 13:27:48 2022
INFO: SEND:index.html:8
[Tue Nov  1 13:27:48 2022
INFO: Header:HTTP/1.1 200 OK
Server: nweb/23.0
Content-Length: 332
Connection:     close
Content-Type: text/html

:8
[Tue Nov  1 13:27:49 2022
INFO: request:GET /index.html HTTP/1.0**Host: 127.0.0.1**User-Agent: http_load 09Mar2016****:9
[Tue Nov  1 13:27:49 2022
INFO: SEND:index.html:9
[Tue Nov  1 13:27:49 2022
INFO: Header:HTTP/1.1 200 OK
Server: nweb/23.0
Content-Length: 332
Connection:     close
Content-Type: text/html

:9
[Tue Nov  1 13:27:50 2022
INFO: request:GET /index.html HTTP/1.0**Host: 127.0.0.1**User-Agent: http_load 09Mar2016****:10
[Tue Nov  1 13:27:50 2022
INFO: SEND:index.html:10
[Tue Nov  1 13:27:50 2022
INFO: Header:HTTP/1.1 200 OK
Server: nweb/23.0
Content-Length: 332
Connection:     close
Content-Type: text/html

:10
[Tue Nov  1 13:27:51 2022
INFO: request:GET /index.html HTTP/1.0**Host: 127.0.0.1**User-Agent: http_load 09Mar2016****:11
[Tue Nov  1 13:27:51 2022
INFO: SEND:index.html:11
[Tue Nov  1 13:27:51 2022
INFO: Header:HTTP/1.1 200 OK
Server: nweb/23.0
Content-Length: 332
Connection:     close
Content-Type: text/html

:11
[Tue Nov  1 13:27:52 2022
INFO: request:GET /index.html HTTP/1.0**Host: 127.0.0.1**User-Agent: http_load 09Mar2016****:12
[Tue Nov  1 13:27:52 2022
INFO: SEND:index.html:12
[Tue Nov  1 13:27:52 2022
INFO: Header:HTTP/1.1 200 OK
Server: nweb/23.0
Content-Length: 332
Connection:     close
Content-Type: text/html

:12
[Tue Nov  1 13:27:53 2022
INFO: request:GET /index.html HTTP/1.0**Host: 127.0.0.1**User-Agent: http_load 09Mar2016****:13
[Tue Nov  1 13:27:53 2022
INFO: SEND:index.html:13
[Tue Nov  1 13:27:53 2022
INFO: Header:HTTP/1.1 200 OK
Server: nweb/23.0
Content-Length: 332
Connection:     close
Content-Type: text/html

:13
[Tue Nov  1 13:27:54 2022
INFO: request:GET /index.html HTTP/1.0**Host: 127.0.0.1**User-Agent: http_load 09Mar2016****:14
[Tue Nov  1 13:27:54 2022
INFO: SEND:index.html:14
[Tue Nov  1 13:27:54 2022
INFO: Header:HTTP/1.1 200 OK
Server: nweb/23.0
Content-Length: 332
Connection:     close
Content-Type: text/html

:14
[Tue Nov  1 13:27:55 2022
INFO: request:GET /index.html HTTP/1.0**Host: 127.0.0.1**User-Agent: http_load 09Mar2016****:15
[Tue Nov  1 13:27:55 2022
INFO: SEND:index.html:15
[Tue Nov  1 13:27:55 2022
INFO: Header:HTTP/1.1 200 OK
Server: nweb/23.0
Content-Length: 332
Connection:     close
Content-Type: text/html

:15
[Tue Nov  1 13:27:56 2022
INFO: request:GET /index.html HTTP/1.0**Host: 127.0.0.1**User-Agent: http_load 09Mar2016****:16
[Tue Nov  1 13:27:56 2022
INFO: SEND:index.html:16
[Tue Nov  1 13:27:56 2022
INFO: Header:HTTP/1.1 200 OK
Server: nweb/23.0
Content-Length: 332
Connection:     close
Content-Type: text/html

:16
[Tue Nov  1 13:27:57 2022
INFO: request:GET /index.html HTTP/1.0**Host: 127.0.0.1**User-Agent: http_load 09Mar2016****:17
[Tue Nov  1 13:27:57 2022
INFO: SEND:index.html:17
[Tue Nov  1 13:27:57 2022
INFO: Header:HTTP/1.1 200 OK
Server: nweb/23.0
Content-Length: 332
Connection:     close
Content-Type: text/html

:17
[Tue Nov  1 13:27:58 2022
INFO: request:GET /index.html HTTP/1.0**Host: 127.0.0.1**User-Agent: http_load 09Mar2016****:18
[Tue Nov  1 13:27:58 2022
INFO: SEND:index.html:18
[Tue Nov  1 13:27:58 2022
INFO: Header:HTTP/1.1 200 OK
Server: nweb/23.0
Content-Length: 332
Connection:     close
Content-Type: text/html

:18
[Tue Nov  1 13:27:59 2022
INFO: request:GET /index.html HTTP/1.0**Host: 127.0.0.1**User-Agent: http_load 09Mar2016****:19
[Tue Nov  1 13:27:59 2022
INFO: SEND:index.html:19
[Tue Nov  1 13:27:59 2022
INFO: Header:HTTP/1.1 200 OK
Server: nweb/23.0
Content-Length: 332
Connection:     close
Content-Type: text/html

:19
[Tue Nov  1 13:28:00 2022
INFO: request:GET /index.html HTTP/1.0**Host: 127.0.0.1**User-Agent: http_load 09Mar2016****:20
[Tue Nov  1 13:28:00 2022
INFO: SEND:index.html:20
[Tue Nov  1 13:28:00 2022
INFO: Header:HTTP/1.1 200 OK
Server: nweb/23.0
Content-Length: 332
Connection:     close
Content-Type: text/html

:20
[Tue Nov  1 13:28:01 2022
INFO: request:GET /index.html HTTP/1.0**Host: 127.0.0.1**User-Agent: http_load 09Mar2016****:21
[Tue Nov  1 13:28:01 2022
INFO: SEND:index.html:21
[Tue Nov  1 13:28:01 2022
INFO: Header:HTTP/1.1 200 OK
Server: nweb/23.0
Content-Length: 332
Connection:     close
Content-Type: text/html

:21
